C:\USERS\RL\DOCUMENTS\VISUAL STUDIO 2012\PROJECTS\VS_PROJECT\COMPUTER_VISION\COMPUTER_VISION_HW1\COMPUTER_VISION_HW1\DEBUG\COMPUTER_VISION_HW1.PCH
C:\USERS\RL\DOCUMENTS\VISUAL STUDIO 2012\PROJECTS\VS_PROJECT\COMPUTER_VISION\COMPUTER_VISION_HW1\COMPUTER_VISION_HW1\DEBUG\STDAFX.OBJ
C:\USERS\RL\DOCUMENTS\VISUAL STUDIO 2012\PROJECTS\VS_PROJECT\COMPUTER_VISION\COMPUTER_VISION_HW1\COMPUTER_VISION_HW1\DEBUG\VC110.PDB
C:\USERS\RL\DOCUMENTS\VISUAL STUDIO 2012\PROJECTS\VS_PROJECT\COMPUTER_VISION\COMPUTER_VISION_HW1\COMPUTER_VISION_HW1\DEBUG\CALIBRATION.OBJ
C:\USERS\RL\DOCUMENTS\VISUAL STUDIO 2012\PROJECTS\VS_PROJECT\COMPUTER_VISION\COMPUTER_VISION_HW1\COMPUTER_VISION_HW1\DEBUG\COMPUTER_VISION_HW1.OBJ
C:\USERS\RL\DOCUMENTS\VISUAL STUDIO 2012\PROJECTS\VS_PROJECT\COMPUTER_VISION\COMPUTER_VISION_HW1\COMPUTER_VISION_HW1\DEBUG\COMPUTER_VISION_HW1DLG.OBJ
C:\USERS\RL\DOCUMENTS\VISUAL STUDIO 2012\PROJECTS\VS_PROJECT\COMPUTER_VISION\COMPUTER_VISION_HW1\COMPUTER_VISION_HW1\DEBUG\STEREO.OBJ
C:\USERS\RL\DOCUMENTS\VISUAL STUDIO 2012\PROJECTS\VS_PROJECT\COMPUTER_VISION\COMPUTER_VISION_HW1\COMPUTER_VISION_HW1\DEBUG\HOMEWORK.OBJ
C:\USERS\RL\DOCUMENTS\VISUAL STUDIO 2012\PROJECTS\VS_PROJECT\COMPUTER_VISION\COMPUTER_VISION_HW1\COMPUTER_VISION_HW1\DEBUG\CAMERA.OBJ
C:\USERS\RL\DOCUMENTS\VISUAL STUDIO 2012\PROJECTS\VS_PROJECT\COMPUTER_VISION\COMPUTER_VISION_HW1\COMPUTER_VISION_HW1\DEBUG\BMP.OBJ
C:\USERS\RL\DOCUMENTS\VISUAL STUDIO 2012\PROJECTS\VS_PROJECT\COMPUTER_VISION\COMPUTER_VISION_HW1\DEBUG\COMPUTER_VISION_HW1.ILK
C:\USERS\RL\DOCUMENTS\VISUAL STUDIO 2012\PROJECTS\VS_PROJECT\COMPUTER_VISION\COMPUTER_VISION_HW1\DEBUG\COMPUTER_VISION_HW1.EXE
C:\USERS\RL\DOCUMENTS\VISUAL STUDIO 2012\PROJECTS\VS_PROJECT\COMPUTER_VISION\COMPUTER_VISION_HW1\DEBUG\COMPUTER_VISION_HW1.PDB
C:\USERS\RL\DOCUMENTS\VISUAL STUDIO 2012\PROJECTS\VS_PROJECT\COMPUTER_VISION\COMPUTER_VISION_HW1\COMPUTER_VISION_HW1\DEBUG\COMPUTER_VISION_HW1.RES
C:\Users\RL\Documents\Visual Studio 2012\Projects\Vs_Project\Computer_Vision\Computer_Vision_Hw1\Computer_Vision_Hw1\Debug\bmp.obj
C:\Users\RL\Documents\Visual Studio 2012\Projects\Vs_Project\Computer_Vision\Computer_Vision_Hw1\Computer_Vision_Hw1\Debug\calibration.obj
C:\Users\RL\Documents\Visual Studio 2012\Projects\Vs_Project\Computer_Vision\Computer_Vision_Hw1\Computer_Vision_Hw1\Debug\camera.obj
C:\Users\RL\Documents\Visual Studio 2012\Projects\Vs_Project\Computer_Vision\Computer_Vision_Hw1\Computer_Vision_Hw1\Debug\Computer_Vision_Hw1.obj
C:\Users\RL\Documents\Visual Studio 2012\Projects\Vs_Project\Computer_Vision\Computer_Vision_Hw1\Computer_Vision_Hw1\Debug\Computer_Vision_Hw1Dlg.obj
C:\Users\RL\Documents\Visual Studio 2012\Projects\Vs_Project\Computer_Vision\Computer_Vision_Hw1\Computer_Vision_Hw1\Debug\homework.obj
C:\Users\RL\Documents\Visual Studio 2012\Projects\Vs_Project\Computer_Vision\Computer_Vision_Hw1\Computer_Vision_Hw1\Debug\stdafx.obj
C:\Users\RL\Documents\Visual Studio 2012\Projects\Vs_Project\Computer_Vision\Computer_Vision_Hw1\Computer_Vision_Hw1\Debug\stereo.obj
C:\Users\RL\Documents\Visual Studio 2012\Projects\Vs_Project\Computer_Vision\Computer_Vision_Hw1\Computer_Vision_Hw1\Debug\cl.command.1.tlog
C:\Users\RL\Documents\Visual Studio 2012\Projects\Vs_Project\Computer_Vision\Computer_Vision_Hw1\Computer_Vision_Hw1\Debug\CL.read.1.tlog
C:\Users\RL\Documents\Visual Studio 2012\Projects\Vs_Project\Computer_Vision\Computer_Vision_Hw1\Computer_Vision_Hw1\Debug\CL.write.1.tlog
C:\Users\RL\Documents\Visual Studio 2012\Projects\Vs_Project\Computer_Vision\Computer_Vision_Hw1\Computer_Vision_Hw1\Debug\link-cvtres.read.1.tlog
C:\Users\RL\Documents\Visual Studio 2012\Projects\Vs_Project\Computer_Vision\Computer_Vision_Hw1\Computer_Vision_Hw1\Debug\link-cvtres.write.1.tlog
C:\Users\RL\Documents\Visual Studio 2012\Projects\Vs_Project\Computer_Vision\Computer_Vision_Hw1\Computer_Vision_Hw1\Debug\link-mt.read.1.tlog
C:\Users\RL\Documents\Visual Studio 2012\Projects\Vs_Project\Computer_Vision\Computer_Vision_Hw1\Computer_Vision_Hw1\Debug\link-mt.write.1.tlog
C:\Users\RL\Documents\Visual Studio 2012\Projects\Vs_Project\Computer_Vision\Computer_Vision_Hw1\Computer_Vision_Hw1\Debug\link-rc.read.1.tlog
C:\Users\RL\Documents\Visual Studio 2012\Projects\Vs_Project\Computer_Vision\Computer_Vision_Hw1\Computer_Vision_Hw1\Debug\link-rc.write.1.tlog
C:\Users\RL\Documents\Visual Studio 2012\Projects\Vs_Project\Computer_Vision\Computer_Vision_Hw1\Computer_Vision_Hw1\Debug\link.2660-cvtres.read.1.tlog
C:\Users\RL\Documents\Visual Studio 2012\Projects\Vs_Project\Computer_Vision\Computer_Vision_Hw1\Computer_Vision_Hw1\Debug\link.2660-cvtres.write.1.tlog
C:\Users\RL\Documents\Visual Studio 2012\Projects\Vs_Project\Computer_Vision\Computer_Vision_Hw1\Computer_Vision_Hw1\Debug\link.2660-mt.read.1.tlog
C:\Users\RL\Documents\Visual Studio 2012\Projects\Vs_Project\Computer_Vision\Computer_Vision_Hw1\Computer_Vision_Hw1\Debug\link.2660-mt.write.1.tlog
C:\Users\RL\Documents\Visual Studio 2012\Projects\Vs_Project\Computer_Vision\Computer_Vision_Hw1\Computer_Vision_Hw1\Debug\link.2660-rc.read.1.tlog
C:\Users\RL\Documents\Visual Studio 2012\Projects\Vs_Project\Computer_Vision\Computer_Vision_Hw1\Computer_Vision_Hw1\Debug\link.2660-rc.write.1.tlog
C:\Users\RL\Documents\Visual Studio 2012\Projects\Vs_Project\Computer_Vision\Computer_Vision_Hw1\Computer_Vision_Hw1\Debug\link.2660.read.1.tlog
C:\Users\RL\Documents\Visual Studio 2012\Projects\Vs_Project\Computer_Vision\Computer_Vision_Hw1\Computer_Vision_Hw1\Debug\link.2660.write.1.tlog
C:\Users\RL\Documents\Visual Studio 2012\Projects\Vs_Project\Computer_Vision\Computer_Vision_Hw1\Computer_Vision_Hw1\Debug\link.2852-cvtres.read.1.tlog
C:\Users\RL\Documents\Visual Studio 2012\Projects\Vs_Project\Computer_Vision\Computer_Vision_Hw1\Computer_Vision_Hw1\Debug\link.2852-cvtres.write.1.tlog
C:\Users\RL\Documents\Visual Studio 2012\Projects\Vs_Project\Computer_Vision\Computer_Vision_Hw1\Computer_Vision_Hw1\Debug\link.2852-mt.read.1.tlog
C:\Users\RL\Documents\Visual Studio 2012\Projects\Vs_Project\Computer_Vision\Computer_Vision_Hw1\Computer_Vision_Hw1\Debug\link.2852-mt.write.1.tlog
C:\Users\RL\Documents\Visual Studio 2012\Projects\Vs_Project\Computer_Vision\Computer_Vision_Hw1\Computer_Vision_Hw1\Debug\link.2852-rc.read.1.tlog
C:\Users\RL\Documents\Visual Studio 2012\Projects\Vs_Project\Computer_Vision\Computer_Vision_Hw1\Computer_Vision_Hw1\Debug\link.2852-rc.write.1.tlog
C:\Users\RL\Documents\Visual Studio 2012\Projects\Vs_Project\Computer_Vision\Computer_Vision_Hw1\Computer_Vision_Hw1\Debug\link.2852.read.1.tlog
C:\Users\RL\Documents\Visual Studio 2012\Projects\Vs_Project\Computer_Vision\Computer_Vision_Hw1\Computer_Vision_Hw1\Debug\link.2852.write.1.tlog
C:\Users\RL\Documents\Visual Studio 2012\Projects\Vs_Project\Computer_Vision\Computer_Vision_Hw1\Computer_Vision_Hw1\Debug\link.3560-cvtres.read.1.tlog
C:\Users\RL\Documents\Visual Studio 2012\Projects\Vs_Project\Computer_Vision\Computer_Vision_Hw1\Computer_Vision_Hw1\Debug\link.3560-cvtres.write.1.tlog
C:\Users\RL\Documents\Visual Studio 2012\Projects\Vs_Project\Computer_Vision\Computer_Vision_Hw1\Computer_Vision_Hw1\Debug\link.3560-mt.read.1.tlog
C:\Users\RL\Documents\Visual Studio 2012\Projects\Vs_Project\Computer_Vision\Computer_Vision_Hw1\Computer_Vision_Hw1\Debug\link.3560-mt.write.1.tlog
C:\Users\RL\Documents\Visual Studio 2012\Projects\Vs_Project\Computer_Vision\Computer_Vision_Hw1\Computer_Vision_Hw1\Debug\link.3560-rc.read.1.tlog
C:\Users\RL\Documents\Visual Studio 2012\Projects\Vs_Project\Computer_Vision\Computer_Vision_Hw1\Computer_Vision_Hw1\Debug\link.3560-rc.write.1.tlog
C:\Users\RL\Documents\Visual Studio 2012\Projects\Vs_Project\Computer_Vision\Computer_Vision_Hw1\Computer_Vision_Hw1\Debug\link.3560.read.1.tlog
C:\Users\RL\Documents\Visual Studio 2012\Projects\Vs_Project\Computer_Vision\Computer_Vision_Hw1\Computer_Vision_Hw1\Debug\link.3560.write.1.tlog
C:\Users\RL\Documents\Visual Studio 2012\Projects\Vs_Project\Computer_Vision\Computer_Vision_Hw1\Computer_Vision_Hw1\Debug\link.4076-cvtres.read.1.tlog
C:\Users\RL\Documents\Visual Studio 2012\Projects\Vs_Project\Computer_Vision\Computer_Vision_Hw1\Computer_Vision_Hw1\Debug\link.4076-cvtres.write.1.tlog
C:\Users\RL\Documents\Visual Studio 2012\Projects\Vs_Project\Computer_Vision\Computer_Vision_Hw1\Computer_Vision_Hw1\Debug\link.4076-mt.read.1.tlog
C:\Users\RL\Documents\Visual Studio 2012\Projects\Vs_Project\Computer_Vision\Computer_Vision_Hw1\Computer_Vision_Hw1\Debug\link.4076-mt.write.1.tlog
C:\Users\RL\Documents\Visual Studio 2012\Projects\Vs_Project\Computer_Vision\Computer_Vision_Hw1\Computer_Vision_Hw1\Debug\link.4076-rc.read.1.tlog
C:\Users\RL\Documents\Visual Studio 2012\Projects\Vs_Project\Computer_Vision\Computer_Vision_Hw1\Computer_Vision_Hw1\Debug\link.4076-rc.write.1.tlog
C:\Users\RL\Documents\Visual Studio 2012\Projects\Vs_Project\Computer_Vision\Computer_Vision_Hw1\Computer_Vision_Hw1\Debug\link.4076.read.1.tlog
C:\Users\RL\Documents\Visual Studio 2012\Projects\Vs_Project\Computer_Vision\Computer_Vision_Hw1\Computer_Vision_Hw1\Debug\link.4076.write.1.tlog
C:\Users\RL\Documents\Visual Studio 2012\Projects\Vs_Project\Computer_Vision\Computer_Vision_Hw1\Computer_Vision_Hw1\Debug\link.4276-cvtres.read.1.tlog
C:\Users\RL\Documents\Visual Studio 2012\Projects\Vs_Project\Computer_Vision\Computer_Vision_Hw1\Computer_Vision_Hw1\Debug\link.4276-cvtres.write.1.tlog
C:\Users\RL\Documents\Visual Studio 2012\Projects\Vs_Project\Computer_Vision\Computer_Vision_Hw1\Computer_Vision_Hw1\Debug\link.4276-mt.read.1.tlog
C:\Users\RL\Documents\Visual Studio 2012\Projects\Vs_Project\Computer_Vision\Computer_Vision_Hw1\Computer_Vision_Hw1\Debug\link.4276-mt.write.1.tlog
C:\Users\RL\Documents\Visual Studio 2012\Projects\Vs_Project\Computer_Vision\Computer_Vision_Hw1\Computer_Vision_Hw1\Debug\link.4276-rc.read.1.tlog
C:\Users\RL\Documents\Visual Studio 2012\Projects\Vs_Project\Computer_Vision\Computer_Vision_Hw1\Computer_Vision_Hw1\Debug\link.4276-rc.write.1.tlog
C:\Users\RL\Documents\Visual Studio 2012\Projects\Vs_Project\Computer_Vision\Computer_Vision_Hw1\Computer_Vision_Hw1\Debug\link.4276.read.1.tlog
C:\Users\RL\Documents\Visual Studio 2012\Projects\Vs_Project\Computer_Vision\Computer_Vision_Hw1\Computer_Vision_Hw1\Debug\link.4276.write.1.tlog
C:\Users\RL\Documents\Visual Studio 2012\Projects\Vs_Project\Computer_Vision\Computer_Vision_Hw1\Computer_Vision_Hw1\Debug\link.4328-cvtres.read.1.tlog
C:\Users\RL\Documents\Visual Studio 2012\Projects\Vs_Project\Computer_Vision\Computer_Vision_Hw1\Computer_Vision_Hw1\Debug\link.4328-cvtres.write.1.tlog
C:\Users\RL\Documents\Visual Studio 2012\Projects\Vs_Project\Computer_Vision\Computer_Vision_Hw1\Computer_Vision_Hw1\Debug\link.4328-mt.read.1.tlog
C:\Users\RL\Documents\Visual Studio 2012\Projects\Vs_Project\Computer_Vision\Computer_Vision_Hw1\Computer_Vision_Hw1\Debug\link.4328-mt.write.1.tlog
C:\Users\RL\Documents\Visual Studio 2012\Projects\Vs_Project\Computer_Vision\Computer_Vision_Hw1\Computer_Vision_Hw1\Debug\link.4328-rc.read.1.tlog
C:\Users\RL\Documents\Visual Studio 2012\Projects\Vs_Project\Computer_Vision\Computer_Vision_Hw1\Computer_Vision_Hw1\Debug\link.4328-rc.write.1.tlog
C:\Users\RL\Documents\Visual Studio 2012\Projects\Vs_Project\Computer_Vision\Computer_Vision_Hw1\Computer_Vision_Hw1\Debug\link.4328.read.1.tlog
C:\Users\RL\Documents\Visual Studio 2012\Projects\Vs_Project\Computer_Vision\Computer_Vision_Hw1\Computer_Vision_Hw1\Debug\link.4328.write.1.tlog
C:\Users\RL\Documents\Visual Studio 2012\Projects\Vs_Project\Computer_Vision\Computer_Vision_Hw1\Computer_Vision_Hw1\Debug\link.4476-cvtres.read.1.tlog
C:\Users\RL\Documents\Visual Studio 2012\Projects\Vs_Project\Computer_Vision\Computer_Vision_Hw1\Computer_Vision_Hw1\Debug\link.4476-cvtres.write.1.tlog
C:\Users\RL\Documents\Visual Studio 2012\Projects\Vs_Project\Computer_Vision\Computer_Vision_Hw1\Computer_Vision_Hw1\Debug\link.4476-mt.read.1.tlog
C:\Users\RL\Documents\Visual Studio 2012\Projects\Vs_Project\Computer_Vision\Computer_Vision_Hw1\Computer_Vision_Hw1\Debug\link.4476-mt.write.1.tlog
C:\Users\RL\Documents\Visual Studio 2012\Projects\Vs_Project\Computer_Vision\Computer_Vision_Hw1\Computer_Vision_Hw1\Debug\link.4476-rc.read.1.tlog
C:\Users\RL\Documents\Visual Studio 2012\Projects\Vs_Project\Computer_Vision\Computer_Vision_Hw1\Computer_Vision_Hw1\Debug\link.4476-rc.write.1.tlog
C:\Users\RL\Documents\Visual Studio 2012\Projects\Vs_Project\Computer_Vision\Computer_Vision_Hw1\Computer_Vision_Hw1\Debug\link.4476.read.1.tlog
C:\Users\RL\Documents\Visual Studio 2012\Projects\Vs_Project\Computer_Vision\Computer_Vision_Hw1\Computer_Vision_Hw1\Debug\link.4476.write.1.tlog
C:\Users\RL\Documents\Visual Studio 2012\Projects\Vs_Project\Computer_Vision\Computer_Vision_Hw1\Computer_Vision_Hw1\Debug\link.4896-cvtres.read.1.tlog
C:\Users\RL\Documents\Visual Studio 2012\Projects\Vs_Project\Computer_Vision\Computer_Vision_Hw1\Computer_Vision_Hw1\Debug\link.4896-cvtres.write.1.tlog
C:\Users\RL\Documents\Visual Studio 2012\Projects\Vs_Project\Computer_Vision\Computer_Vision_Hw1\Computer_Vision_Hw1\Debug\link.4896-mt.read.1.tlog
C:\Users\RL\Documents\Visual Studio 2012\Projects\Vs_Project\Computer_Vision\Computer_Vision_Hw1\Computer_Vision_Hw1\Debug\link.4896-mt.write.1.tlog
C:\Users\RL\Documents\Visual Studio 2012\Projects\Vs_Project\Computer_Vision\Computer_Vision_Hw1\Computer_Vision_Hw1\Debug\link.4896-rc.read.1.tlog
C:\Users\RL\Documents\Visual Studio 2012\Projects\Vs_Project\Computer_Vision\Computer_Vision_Hw1\Computer_Vision_Hw1\Debug\link.4896-rc.write.1.tlog
C:\Users\RL\Documents\Visual Studio 2012\Projects\Vs_Project\Computer_Vision\Computer_Vision_Hw1\Computer_Vision_Hw1\Debug\link.4896.read.1.tlog
C:\Users\RL\Documents\Visual Studio 2012\Projects\Vs_Project\Computer_Vision\Computer_Vision_Hw1\Computer_Vision_Hw1\Debug\link.4896.write.1.tlog
C:\Users\RL\Documents\Visual Studio 2012\Projects\Vs_Project\Computer_Vision\Computer_Vision_Hw1\Computer_Vision_Hw1\Debug\link.5116-cvtres.read.1.tlog
C:\Users\RL\Documents\Visual Studio 2012\Projects\Vs_Project\Computer_Vision\Computer_Vision_Hw1\Computer_Vision_Hw1\Debug\link.5116-cvtres.write.1.tlog
C:\Users\RL\Documents\Visual Studio 2012\Projects\Vs_Project\Computer_Vision\Computer_Vision_Hw1\Computer_Vision_Hw1\Debug\link.5116-mt.read.1.tlog
C:\Users\RL\Documents\Visual Studio 2012\Projects\Vs_Project\Computer_Vision\Computer_Vision_Hw1\Computer_Vision_Hw1\Debug\link.5116-mt.write.1.tlog
C:\Users\RL\Documents\Visual Studio 2012\Projects\Vs_Project\Computer_Vision\Computer_Vision_Hw1\Computer_Vision_Hw1\Debug\link.5116-rc.read.1.tlog
C:\Users\RL\Documents\Visual Studio 2012\Projects\Vs_Project\Computer_Vision\Computer_Vision_Hw1\Computer_Vision_Hw1\Debug\link.5116-rc.write.1.tlog
C:\Users\RL\Documents\Visual Studio 2012\Projects\Vs_Project\Computer_Vision\Computer_Vision_Hw1\Computer_Vision_Hw1\Debug\link.5116.read.1.tlog
C:\Users\RL\Documents\Visual Studio 2012\Projects\Vs_Project\Computer_Vision\Computer_Vision_Hw1\Computer_Vision_Hw1\Debug\link.5116.write.1.tlog
C:\Users\RL\Documents\Visual Studio 2012\Projects\Vs_Project\Computer_Vision\Computer_Vision_Hw1\Computer_Vision_Hw1\Debug\link.5428-cvtres.read.1.tlog
C:\Users\RL\Documents\Visual Studio 2012\Projects\Vs_Project\Computer_Vision\Computer_Vision_Hw1\Computer_Vision_Hw1\Debug\link.5428-cvtres.write.1.tlog
C:\Users\RL\Documents\Visual Studio 2012\Projects\Vs_Project\Computer_Vision\Computer_Vision_Hw1\Computer_Vision_Hw1\Debug\link.5428-mt.read.1.tlog
C:\Users\RL\Documents\Visual Studio 2012\Projects\Vs_Project\Computer_Vision\Computer_Vision_Hw1\Computer_Vision_Hw1\Debug\link.5428-mt.write.1.tlog
C:\Users\RL\Documents\Visual Studio 2012\Projects\Vs_Project\Computer_Vision\Computer_Vision_Hw1\Computer_Vision_Hw1\Debug\link.5428-rc.read.1.tlog
C:\Users\RL\Documents\Visual Studio 2012\Projects\Vs_Project\Computer_Vision\Computer_Vision_Hw1\Computer_Vision_Hw1\Debug\link.5428-rc.write.1.tlog
C:\Users\RL\Documents\Visual Studio 2012\Projects\Vs_Project\Computer_Vision\Computer_Vision_Hw1\Computer_Vision_Hw1\Debug\link.5428.read.1.tlog
C:\Users\RL\Documents\Visual Studio 2012\Projects\Vs_Project\Computer_Vision\Computer_Vision_Hw1\Computer_Vision_Hw1\Debug\link.5428.write.1.tlog
C:\Users\RL\Documents\Visual Studio 2012\Projects\Vs_Project\Computer_Vision\Computer_Vision_Hw1\Computer_Vision_Hw1\Debug\link.5548-cvtres.read.1.tlog
C:\Users\RL\Documents\Visual Studio 2012\Projects\Vs_Project\Computer_Vision\Computer_Vision_Hw1\Computer_Vision_Hw1\Debug\link.5548-cvtres.write.1.tlog
C:\Users\RL\Documents\Visual Studio 2012\Projects\Vs_Project\Computer_Vision\Computer_Vision_Hw1\Computer_Vision_Hw1\Debug\link.5548-mt.read.1.tlog
C:\Users\RL\Documents\Visual Studio 2012\Projects\Vs_Project\Computer_Vision\Computer_Vision_Hw1\Computer_Vision_Hw1\Debug\link.5548-mt.write.1.tlog
C:\Users\RL\Documents\Visual Studio 2012\Projects\Vs_Project\Computer_Vision\Computer_Vision_Hw1\Computer_Vision_Hw1\Debug\link.5548-rc.read.1.tlog
C:\Users\RL\Documents\Visual Studio 2012\Projects\Vs_Project\Computer_Vision\Computer_Vision_Hw1\Computer_Vision_Hw1\Debug\link.5548-rc.write.1.tlog
C:\Users\RL\Documents\Visual Studio 2012\Projects\Vs_Project\Computer_Vision\Computer_Vision_Hw1\Computer_Vision_Hw1\Debug\link.5548.read.1.tlog
C:\Users\RL\Documents\Visual Studio 2012\Projects\Vs_Project\Computer_Vision\Computer_Vision_Hw1\Computer_Vision_Hw1\Debug\link.5548.write.1.tlog
C:\Users\RL\Documents\Visual Studio 2012\Projects\Vs_Project\Computer_Vision\Computer_Vision_Hw1\Computer_Vision_Hw1\Debug\link.5576-cvtres.read.1.tlog
C:\Users\RL\Documents\Visual Studio 2012\Projects\Vs_Project\Computer_Vision\Computer_Vision_Hw1\Computer_Vision_Hw1\Debug\link.5576-cvtres.write.1.tlog
C:\Users\RL\Documents\Visual Studio 2012\Projects\Vs_Project\Computer_Vision\Computer_Vision_Hw1\Computer_Vision_Hw1\Debug\link.5576-mt.read.1.tlog
C:\Users\RL\Documents\Visual Studio 2012\Projects\Vs_Project\Computer_Vision\Computer_Vision_Hw1\Computer_Vision_Hw1\Debug\link.5576-mt.write.1.tlog
C:\Users\RL\Documents\Visual Studio 2012\Projects\Vs_Project\Computer_Vision\Computer_Vision_Hw1\Computer_Vision_Hw1\Debug\link.5576-rc.read.1.tlog
C:\Users\RL\Documents\Visual Studio 2012\Projects\Vs_Project\Computer_Vision\Computer_Vision_Hw1\Computer_Vision_Hw1\Debug\link.5576-rc.write.1.tlog
C:\Users\RL\Documents\Visual Studio 2012\Projects\Vs_Project\Computer_Vision\Computer_Vision_Hw1\Computer_Vision_Hw1\Debug\link.5576.read.1.tlog
C:\Users\RL\Documents\Visual Studio 2012\Projects\Vs_Project\Computer_Vision\Computer_Vision_Hw1\Computer_Vision_Hw1\Debug\link.5576.write.1.tlog
C:\Users\RL\Documents\Visual Studio 2012\Projects\Vs_Project\Computer_Vision\Computer_Vision_Hw1\Computer_Vision_Hw1\Debug\link.5600-cvtres.read.1.tlog
C:\Users\RL\Documents\Visual Studio 2012\Projects\Vs_Project\Computer_Vision\Computer_Vision_Hw1\Computer_Vision_Hw1\Debug\link.5600-cvtres.write.1.tlog
C:\Users\RL\Documents\Visual Studio 2012\Projects\Vs_Project\Computer_Vision\Computer_Vision_Hw1\Computer_Vision_Hw1\Debug\link.5600-mt.read.1.tlog
C:\Users\RL\Documents\Visual Studio 2012\Projects\Vs_Project\Computer_Vision\Computer_Vision_Hw1\Computer_Vision_Hw1\Debug\link.5600-mt.write.1.tlog
C:\Users\RL\Documents\Visual Studio 2012\Projects\Vs_Project\Computer_Vision\Computer_Vision_Hw1\Computer_Vision_Hw1\Debug\link.5600-rc.read.1.tlog
C:\Users\RL\Documents\Visual Studio 2012\Projects\Vs_Project\Computer_Vision\Computer_Vision_Hw1\Computer_Vision_Hw1\Debug\link.5600-rc.write.1.tlog
C:\Users\RL\Documents\Visual Studio 2012\Projects\Vs_Project\Computer_Vision\Computer_Vision_Hw1\Computer_Vision_Hw1\Debug\link.5600.read.1.tlog
C:\Users\RL\Documents\Visual Studio 2012\Projects\Vs_Project\Computer_Vision\Computer_Vision_Hw1\Computer_Vision_Hw1\Debug\link.5600.write.1.tlog
C:\Users\RL\Documents\Visual Studio 2012\Projects\Vs_Project\Computer_Vision\Computer_Vision_Hw1\Computer_Vision_Hw1\Debug\link.5688-cvtres.read.1.tlog
C:\Users\RL\Documents\Visual Studio 2012\Projects\Vs_Project\Computer_Vision\Computer_Vision_Hw1\Computer_Vision_Hw1\Debug\link.5688-cvtres.write.1.tlog
C:\Users\RL\Documents\Visual Studio 2012\Projects\Vs_Project\Computer_Vision\Computer_Vision_Hw1\Computer_Vision_Hw1\Debug\link.5688-mt.read.1.tlog
C:\Users\RL\Documents\Visual Studio 2012\Projects\Vs_Project\Computer_Vision\Computer_Vision_Hw1\Computer_Vision_Hw1\Debug\link.5688-mt.write.1.tlog
C:\Users\RL\Documents\Visual Studio 2012\Projects\Vs_Project\Computer_Vision\Computer_Vision_Hw1\Computer_Vision_Hw1\Debug\link.5688-rc.read.1.tlog
C:\Users\RL\Documents\Visual Studio 2012\Projects\Vs_Project\Computer_Vision\Computer_Vision_Hw1\Computer_Vision_Hw1\Debug\link.5688-rc.write.1.tlog
C:\Users\RL\Documents\Visual Studio 2012\Projects\Vs_Project\Computer_Vision\Computer_Vision_Hw1\Computer_Vision_Hw1\Debug\link.5688.read.1.tlog
C:\Users\RL\Documents\Visual Studio 2012\Projects\Vs_Project\Computer_Vision\Computer_Vision_Hw1\Computer_Vision_Hw1\Debug\link.5688.write.1.tlog
C:\Users\RL\Documents\Visual Studio 2012\Projects\Vs_Project\Computer_Vision\Computer_Vision_Hw1\Computer_Vision_Hw1\Debug\link.6112-cvtres.read.1.tlog
C:\Users\RL\Documents\Visual Studio 2012\Projects\Vs_Project\Computer_Vision\Computer_Vision_Hw1\Computer_Vision_Hw1\Debug\link.6112-cvtres.write.1.tlog
C:\Users\RL\Documents\Visual Studio 2012\Projects\Vs_Project\Computer_Vision\Computer_Vision_Hw1\Computer_Vision_Hw1\Debug\link.6112-mt.read.1.tlog
C:\Users\RL\Documents\Visual Studio 2012\Projects\Vs_Project\Computer_Vision\Computer_Vision_Hw1\Computer_Vision_Hw1\Debug\link.6112-mt.write.1.tlog
C:\Users\RL\Documents\Visual Studio 2012\Projects\Vs_Project\Computer_Vision\Computer_Vision_Hw1\Computer_Vision_Hw1\Debug\link.6112-rc.read.1.tlog
C:\Users\RL\Documents\Visual Studio 2012\Projects\Vs_Project\Computer_Vision\Computer_Vision_Hw1\Computer_Vision_Hw1\Debug\link.6112-rc.write.1.tlog
C:\Users\RL\Documents\Visual Studio 2012\Projects\Vs_Project\Computer_Vision\Computer_Vision_Hw1\Computer_Vision_Hw1\Debug\link.6112.read.1.tlog
C:\Users\RL\Documents\Visual Studio 2012\Projects\Vs_Project\Computer_Vision\Computer_Vision_Hw1\Computer_Vision_Hw1\Debug\link.6112.write.1.tlog
C:\Users\RL\Documents\Visual Studio 2012\Projects\Vs_Project\Computer_Vision\Computer_Vision_Hw1\Computer_Vision_Hw1\Debug\link.6116-cvtres.read.1.tlog
C:\Users\RL\Documents\Visual Studio 2012\Projects\Vs_Project\Computer_Vision\Computer_Vision_Hw1\Computer_Vision_Hw1\Debug\link.6116-cvtres.write.1.tlog
C:\Users\RL\Documents\Visual Studio 2012\Projects\Vs_Project\Computer_Vision\Computer_Vision_Hw1\Computer_Vision_Hw1\Debug\link.6116-mt.read.1.tlog
C:\Users\RL\Documents\Visual Studio 2012\Projects\Vs_Project\Computer_Vision\Computer_Vision_Hw1\Computer_Vision_Hw1\Debug\link.6116-mt.write.1.tlog
C:\Users\RL\Documents\Visual Studio 2012\Projects\Vs_Project\Computer_Vision\Computer_Vision_Hw1\Computer_Vision_Hw1\Debug\link.6116-rc.read.1.tlog
C:\Users\RL\Documents\Visual Studio 2012\Projects\Vs_Project\Computer_Vision\Computer_Vision_Hw1\Computer_Vision_Hw1\Debug\link.6116-rc.write.1.tlog
C:\Users\RL\Documents\Visual Studio 2012\Projects\Vs_Project\Computer_Vision\Computer_Vision_Hw1\Computer_Vision_Hw1\Debug\link.6116.read.1.tlog
C:\Users\RL\Documents\Visual Studio 2012\Projects\Vs_Project\Computer_Vision\Computer_Vision_Hw1\Computer_Vision_Hw1\Debug\link.6116.write.1.tlog
C:\Users\RL\Documents\Visual Studio 2012\Projects\Vs_Project\Computer_Vision\Computer_Vision_Hw1\Computer_Vision_Hw1\Debug\link.6236-cvtres.read.1.tlog
C:\Users\RL\Documents\Visual Studio 2012\Projects\Vs_Project\Computer_Vision\Computer_Vision_Hw1\Computer_Vision_Hw1\Debug\link.6236-cvtres.write.1.tlog
C:\Users\RL\Documents\Visual Studio 2012\Projects\Vs_Project\Computer_Vision\Computer_Vision_Hw1\Computer_Vision_Hw1\Debug\link.6236-mt.read.1.tlog
C:\Users\RL\Documents\Visual Studio 2012\Projects\Vs_Project\Computer_Vision\Computer_Vision_Hw1\Computer_Vision_Hw1\Debug\link.6236-mt.write.1.tlog
C:\Users\RL\Documents\Visual Studio 2012\Projects\Vs_Project\Computer_Vision\Computer_Vision_Hw1\Computer_Vision_Hw1\Debug\link.6236-rc.read.1.tlog
C:\Users\RL\Documents\Visual Studio 2012\Projects\Vs_Project\Computer_Vision\Computer_Vision_Hw1\Computer_Vision_Hw1\Debug\link.6236-rc.write.1.tlog
C:\Users\RL\Documents\Visual Studio 2012\Projects\Vs_Project\Computer_Vision\Computer_Vision_Hw1\Computer_Vision_Hw1\Debug\link.6236.read.1.tlog
C:\Users\RL\Documents\Visual Studio 2012\Projects\Vs_Project\Computer_Vision\Computer_Vision_Hw1\Computer_Vision_Hw1\Debug\link.6236.write.1.tlog
C:\Users\RL\Documents\Visual Studio 2012\Projects\Vs_Project\Computer_Vision\Computer_Vision_Hw1\Computer_Vision_Hw1\Debug\link.6384-cvtres.read.1.tlog
C:\Users\RL\Documents\Visual Studio 2012\Projects\Vs_Project\Computer_Vision\Computer_Vision_Hw1\Computer_Vision_Hw1\Debug\link.6384-cvtres.write.1.tlog
C:\Users\RL\Documents\Visual Studio 2012\Projects\Vs_Project\Computer_Vision\Computer_Vision_Hw1\Computer_Vision_Hw1\Debug\link.6384-mt.read.1.tlog
C:\Users\RL\Documents\Visual Studio 2012\Projects\Vs_Project\Computer_Vision\Computer_Vision_Hw1\Computer_Vision_Hw1\Debug\link.6384-mt.write.1.tlog
C:\Users\RL\Documents\Visual Studio 2012\Projects\Vs_Project\Computer_Vision\Computer_Vision_Hw1\Computer_Vision_Hw1\Debug\link.6384-rc.read.1.tlog
C:\Users\RL\Documents\Visual Studio 2012\Projects\Vs_Project\Computer_Vision\Computer_Vision_Hw1\Computer_Vision_Hw1\Debug\link.6384-rc.write.1.tlog
C:\Users\RL\Documents\Visual Studio 2012\Projects\Vs_Project\Computer_Vision\Computer_Vision_Hw1\Computer_Vision_Hw1\Debug\link.6384.read.1.tlog
C:\Users\RL\Documents\Visual Studio 2012\Projects\Vs_Project\Computer_Vision\Computer_Vision_Hw1\Computer_Vision_Hw1\Debug\link.6384.write.1.tlog
C:\Users\RL\Documents\Visual Studio 2012\Projects\Vs_Project\Computer_Vision\Computer_Vision_Hw1\Computer_Vision_Hw1\Debug\link.6480-cvtres.read.1.tlog
C:\Users\RL\Documents\Visual Studio 2012\Projects\Vs_Project\Computer_Vision\Computer_Vision_Hw1\Computer_Vision_Hw1\Debug\link.6480-cvtres.write.1.tlog
C:\Users\RL\Documents\Visual Studio 2012\Projects\Vs_Project\Computer_Vision\Computer_Vision_Hw1\Computer_Vision_Hw1\Debug\link.6480-mt.read.1.tlog
C:\Users\RL\Documents\Visual Studio 2012\Projects\Vs_Project\Computer_Vision\Computer_Vision_Hw1\Computer_Vision_Hw1\Debug\link.6480-mt.write.1.tlog
C:\Users\RL\Documents\Visual Studio 2012\Projects\Vs_Project\Computer_Vision\Computer_Vision_Hw1\Computer_Vision_Hw1\Debug\link.6480-rc.read.1.tlog
C:\Users\RL\Documents\Visual Studio 2012\Projects\Vs_Project\Computer_Vision\Computer_Vision_Hw1\Computer_Vision_Hw1\Debug\link.6480-rc.write.1.tlog
C:\Users\RL\Documents\Visual Studio 2012\Projects\Vs_Project\Computer_Vision\Computer_Vision_Hw1\Computer_Vision_Hw1\Debug\link.6480.read.1.tlog
C:\Users\RL\Documents\Visual Studio 2012\Projects\Vs_Project\Computer_Vision\Computer_Vision_Hw1\Computer_Vision_Hw1\Debug\link.6480.write.1.tlog
C:\Users\RL\Documents\Visual Studio 2012\Projects\Vs_Project\Computer_Vision\Computer_Vision_Hw1\Computer_Vision_Hw1\Debug\link.6528-cvtres.read.1.tlog
C:\Users\RL\Documents\Visual Studio 2012\Projects\Vs_Project\Computer_Vision\Computer_Vision_Hw1\Computer_Vision_Hw1\Debug\link.6528-cvtres.write.1.tlog
C:\Users\RL\Documents\Visual Studio 2012\Projects\Vs_Project\Computer_Vision\Computer_Vision_Hw1\Computer_Vision_Hw1\Debug\link.6528-mt.read.1.tlog
C:\Users\RL\Documents\Visual Studio 2012\Projects\Vs_Project\Computer_Vision\Computer_Vision_Hw1\Computer_Vision_Hw1\Debug\link.6528-mt.write.1.tlog
C:\Users\RL\Documents\Visual Studio 2012\Projects\Vs_Project\Computer_Vision\Computer_Vision_Hw1\Computer_Vision_Hw1\Debug\link.6528-rc.read.1.tlog
C:\Users\RL\Documents\Visual Studio 2012\Projects\Vs_Project\Computer_Vision\Computer_Vision_Hw1\Computer_Vision_Hw1\Debug\link.6528-rc.write.1.tlog
C:\Users\RL\Documents\Visual Studio 2012\Projects\Vs_Project\Computer_Vision\Computer_Vision_Hw1\Computer_Vision_Hw1\Debug\link.6528.read.1.tlog
C:\Users\RL\Documents\Visual Studio 2012\Projects\Vs_Project\Computer_Vision\Computer_Vision_Hw1\Computer_Vision_Hw1\Debug\link.6528.write.1.tlog
C:\Users\RL\Documents\Visual Studio 2012\Projects\Vs_Project\Computer_Vision\Computer_Vision_Hw1\Computer_Vision_Hw1\Debug\link.6844-cvtres.read.1.tlog
C:\Users\RL\Documents\Visual Studio 2012\Projects\Vs_Project\Computer_Vision\Computer_Vision_Hw1\Computer_Vision_Hw1\Debug\link.6844-cvtres.write.1.tlog
C:\Users\RL\Documents\Visual Studio 2012\Projects\Vs_Project\Computer_Vision\Computer_Vision_Hw1\Computer_Vision_Hw1\Debug\link.6844-mt.read.1.tlog
C:\Users\RL\Documents\Visual Studio 2012\Projects\Vs_Project\Computer_Vision\Computer_Vision_Hw1\Computer_Vision_Hw1\Debug\link.6844-mt.write.1.tlog
C:\Users\RL\Documents\Visual Studio 2012\Projects\Vs_Project\Computer_Vision\Computer_Vision_Hw1\Computer_Vision_Hw1\Debug\link.6844-rc.read.1.tlog
C:\Users\RL\Documents\Visual Studio 2012\Projects\Vs_Project\Computer_Vision\Computer_Vision_Hw1\Computer_Vision_Hw1\Debug\link.6844-rc.write.1.tlog
C:\Users\RL\Documents\Visual Studio 2012\Projects\Vs_Project\Computer_Vision\Computer_Vision_Hw1\Computer_Vision_Hw1\Debug\link.6844.read.1.tlog
C:\Users\RL\Documents\Visual Studio 2012\Projects\Vs_Project\Computer_Vision\Computer_Vision_Hw1\Computer_Vision_Hw1\Debug\link.6844.write.1.tlog
C:\Users\RL\Documents\Visual Studio 2012\Projects\Vs_Project\Computer_Vision\Computer_Vision_Hw1\Computer_Vision_Hw1\Debug\link.6876-cvtres.read.1.tlog
C:\Users\RL\Documents\Visual Studio 2012\Projects\Vs_Project\Computer_Vision\Computer_Vision_Hw1\Computer_Vision_Hw1\Debug\link.6876-cvtres.write.1.tlog
C:\Users\RL\Documents\Visual Studio 2012\Projects\Vs_Project\Computer_Vision\Computer_Vision_Hw1\Computer_Vision_Hw1\Debug\link.6876-mt.read.1.tlog
C:\Users\RL\Documents\Visual Studio 2012\Projects\Vs_Project\Computer_Vision\Computer_Vision_Hw1\Computer_Vision_Hw1\Debug\link.6876-mt.write.1.tlog
C:\Users\RL\Documents\Visual Studio 2012\Projects\Vs_Project\Computer_Vision\Computer_Vision_Hw1\Computer_Vision_Hw1\Debug\link.6876-rc.read.1.tlog
C:\Users\RL\Documents\Visual Studio 2012\Projects\Vs_Project\Computer_Vision\Computer_Vision_Hw1\Computer_Vision_Hw1\Debug\link.6876-rc.write.1.tlog
C:\Users\RL\Documents\Visual Studio 2012\Projects\Vs_Project\Computer_Vision\Computer_Vision_Hw1\Computer_Vision_Hw1\Debug\link.6876.read.1.tlog
C:\Users\RL\Documents\Visual Studio 2012\Projects\Vs_Project\Computer_Vision\Computer_Vision_Hw1\Computer_Vision_Hw1\Debug\link.6876.write.1.tlog
C:\Users\RL\Documents\Visual Studio 2012\Projects\Vs_Project\Computer_Vision\Computer_Vision_Hw1\Computer_Vision_Hw1\Debug\link.6924-cvtres.read.1.tlog
C:\Users\RL\Documents\Visual Studio 2012\Projects\Vs_Project\Computer_Vision\Computer_Vision_Hw1\Computer_Vision_Hw1\Debug\link.6924-cvtres.write.1.tlog
C:\Users\RL\Documents\Visual Studio 2012\Projects\Vs_Project\Computer_Vision\Computer_Vision_Hw1\Computer_Vision_Hw1\Debug\link.6924-mt.read.1.tlog
C:\Users\RL\Documents\Visual Studio 2012\Projects\Vs_Project\Computer_Vision\Computer_Vision_Hw1\Computer_Vision_Hw1\Debug\link.6924-mt.write.1.tlog
C:\Users\RL\Documents\Visual Studio 2012\Projects\Vs_Project\Computer_Vision\Computer_Vision_Hw1\Computer_Vision_Hw1\Debug\link.6924-rc.read.1.tlog
C:\Users\RL\Documents\Visual Studio 2012\Projects\Vs_Project\Computer_Vision\Computer_Vision_Hw1\Computer_Vision_Hw1\Debug\link.6924-rc.write.1.tlog
C:\Users\RL\Documents\Visual Studio 2012\Projects\Vs_Project\Computer_Vision\Computer_Vision_Hw1\Computer_Vision_Hw1\Debug\link.6924.read.1.tlog
C:\Users\RL\Documents\Visual Studio 2012\Projects\Vs_Project\Computer_Vision\Computer_Vision_Hw1\Computer_Vision_Hw1\Debug\link.6924.write.1.tlog
C:\Users\RL\Documents\Visual Studio 2012\Projects\Vs_Project\Computer_Vision\Computer_Vision_Hw1\Computer_Vision_Hw1\Debug\link.7076-cvtres.read.1.tlog
C:\Users\RL\Documents\Visual Studio 2012\Projects\Vs_Project\Computer_Vision\Computer_Vision_Hw1\Computer_Vision_Hw1\Debug\link.7076-cvtres.write.1.tlog
C:\Users\RL\Documents\Visual Studio 2012\Projects\Vs_Project\Computer_Vision\Computer_Vision_Hw1\Computer_Vision_Hw1\Debug\link.7076-mt.read.1.tlog
C:\Users\RL\Documents\Visual Studio 2012\Projects\Vs_Project\Computer_Vision\Computer_Vision_Hw1\Computer_Vision_Hw1\Debug\link.7076-mt.write.1.tlog
C:\Users\RL\Documents\Visual Studio 2012\Projects\Vs_Project\Computer_Vision\Computer_Vision_Hw1\Computer_Vision_Hw1\Debug\link.7076-rc.read.1.tlog
C:\Users\RL\Documents\Visual Studio 2012\Projects\Vs_Project\Computer_Vision\Computer_Vision_Hw1\Computer_Vision_Hw1\Debug\link.7076-rc.write.1.tlog
C:\Users\RL\Documents\Visual Studio 2012\Projects\Vs_Project\Computer_Vision\Computer_Vision_Hw1\Computer_Vision_Hw1\Debug\link.7076.read.1.tlog
C:\Users\RL\Documents\Visual Studio 2012\Projects\Vs_Project\Computer_Vision\Computer_Vision_Hw1\Computer_Vision_Hw1\Debug\link.7076.write.1.tlog
C:\Users\RL\Documents\Visual Studio 2012\Projects\Vs_Project\Computer_Vision\Computer_Vision_Hw1\Computer_Vision_Hw1\Debug\link.7256-cvtres.read.1.tlog
C:\Users\RL\Documents\Visual Studio 2012\Projects\Vs_Project\Computer_Vision\Computer_Vision_Hw1\Computer_Vision_Hw1\Debug\link.7256-cvtres.write.1.tlog
C:\Users\RL\Documents\Visual Studio 2012\Projects\Vs_Project\Computer_Vision\Computer_Vision_Hw1\Computer_Vision_Hw1\Debug\link.7256-mt.read.1.tlog
C:\Users\RL\Documents\Visual Studio 2012\Projects\Vs_Project\Computer_Vision\Computer_Vision_Hw1\Computer_Vision_Hw1\Debug\link.7256-mt.write.1.tlog
C:\Users\RL\Documents\Visual Studio 2012\Projects\Vs_Project\Computer_Vision\Computer_Vision_Hw1\Computer_Vision_Hw1\Debug\link.7256-rc.read.1.tlog
C:\Users\RL\Documents\Visual Studio 2012\Projects\Vs_Project\Computer_Vision\Computer_Vision_Hw1\Computer_Vision_Hw1\Debug\link.7256-rc.write.1.tlog
C:\Users\RL\Documents\Visual Studio 2012\Projects\Vs_Project\Computer_Vision\Computer_Vision_Hw1\Computer_Vision_Hw1\Debug\link.7256.read.1.tlog
C:\Users\RL\Documents\Visual Studio 2012\Projects\Vs_Project\Computer_Vision\Computer_Vision_Hw1\Computer_Vision_Hw1\Debug\link.7256.write.1.tlog
C:\Users\RL\Documents\Visual Studio 2012\Projects\Vs_Project\Computer_Vision\Computer_Vision_Hw1\Computer_Vision_Hw1\Debug\link.7660-cvtres.read.1.tlog
C:\Users\RL\Documents\Visual Studio 2012\Projects\Vs_Project\Computer_Vision\Computer_Vision_Hw1\Computer_Vision_Hw1\Debug\link.7660-cvtres.write.1.tlog
C:\Users\RL\Documents\Visual Studio 2012\Projects\Vs_Project\Computer_Vision\Computer_Vision_Hw1\Computer_Vision_Hw1\Debug\link.7660-mt.read.1.tlog
C:\Users\RL\Documents\Visual Studio 2012\Projects\Vs_Project\Computer_Vision\Computer_Vision_Hw1\Computer_Vision_Hw1\Debug\link.7660-mt.write.1.tlog
C:\Users\RL\Documents\Visual Studio 2012\Projects\Vs_Project\Computer_Vision\Computer_Vision_Hw1\Computer_Vision_Hw1\Debug\link.7660-rc.read.1.tlog
C:\Users\RL\Documents\Visual Studio 2012\Projects\Vs_Project\Computer_Vision\Computer_Vision_Hw1\Computer_Vision_Hw1\Debug\link.7660-rc.write.1.tlog
C:\Users\RL\Documents\Visual Studio 2012\Projects\Vs_Project\Computer_Vision\Computer_Vision_Hw1\Computer_Vision_Hw1\Debug\link.7660.read.1.tlog
C:\Users\RL\Documents\Visual Studio 2012\Projects\Vs_Project\Computer_Vision\Computer_Vision_Hw1\Computer_Vision_Hw1\Debug\link.7660.write.1.tlog
C:\Users\RL\Documents\Visual Studio 2012\Projects\Vs_Project\Computer_Vision\Computer_Vision_Hw1\Computer_Vision_Hw1\Debug\link.7716-cvtres.read.1.tlog
C:\Users\RL\Documents\Visual Studio 2012\Projects\Vs_Project\Computer_Vision\Computer_Vision_Hw1\Computer_Vision_Hw1\Debug\link.7716-cvtres.write.1.tlog
C:\Users\RL\Documents\Visual Studio 2012\Projects\Vs_Project\Computer_Vision\Computer_Vision_Hw1\Computer_Vision_Hw1\Debug\link.7716-mt.read.1.tlog
C:\Users\RL\Documents\Visual Studio 2012\Projects\Vs_Project\Computer_Vision\Computer_Vision_Hw1\Computer_Vision_Hw1\Debug\link.7716-mt.write.1.tlog
C:\Users\RL\Documents\Visual Studio 2012\Projects\Vs_Project\Computer_Vision\Computer_Vision_Hw1\Computer_Vision_Hw1\Debug\link.7716-rc.read.1.tlog
C:\Users\RL\Documents\Visual Studio 2012\Projects\Vs_Project\Computer_Vision\Computer_Vision_Hw1\Computer_Vision_Hw1\Debug\link.7716-rc.write.1.tlog
C:\Users\RL\Documents\Visual Studio 2012\Projects\Vs_Project\Computer_Vision\Computer_Vision_Hw1\Computer_Vision_Hw1\Debug\link.7716.read.1.tlog
C:\Users\RL\Documents\Visual Studio 2012\Projects\Vs_Project\Computer_Vision\Computer_Vision_Hw1\Computer_Vision_Hw1\Debug\link.7716.write.1.tlog
C:\Users\RL\Documents\Visual Studio 2012\Projects\Vs_Project\Computer_Vision\Computer_Vision_Hw1\Computer_Vision_Hw1\Debug\link.7852-cvtres.read.1.tlog
C:\Users\RL\Documents\Visual Studio 2012\Projects\Vs_Project\Computer_Vision\Computer_Vision_Hw1\Computer_Vision_Hw1\Debug\link.7852-cvtres.write.1.tlog
C:\Users\RL\Documents\Visual Studio 2012\Projects\Vs_Project\Computer_Vision\Computer_Vision_Hw1\Computer_Vision_Hw1\Debug\link.7852-mt.read.1.tlog
C:\Users\RL\Documents\Visual Studio 2012\Projects\Vs_Project\Computer_Vision\Computer_Vision_Hw1\Computer_Vision_Hw1\Debug\link.7852-mt.write.1.tlog
C:\Users\RL\Documents\Visual Studio 2012\Projects\Vs_Project\Computer_Vision\Computer_Vision_Hw1\Computer_Vision_Hw1\Debug\link.7852-rc.read.1.tlog
C:\Users\RL\Documents\Visual Studio 2012\Projects\Vs_Project\Computer_Vision\Computer_Vision_Hw1\Computer_Vision_Hw1\Debug\link.7852-rc.write.1.tlog
C:\Users\RL\Documents\Visual Studio 2012\Projects\Vs_Project\Computer_Vision\Computer_Vision_Hw1\Computer_Vision_Hw1\Debug\link.7852.read.1.tlog
C:\Users\RL\Documents\Visual Studio 2012\Projects\Vs_Project\Computer_Vision\Computer_Vision_Hw1\Computer_Vision_Hw1\Debug\link.7852.write.1.tlog
C:\Users\RL\Documents\Visual Studio 2012\Projects\Vs_Project\Computer_Vision\Computer_Vision_Hw1\Computer_Vision_Hw1\Debug\link.8020-cvtres.read.1.tlog
C:\Users\RL\Documents\Visual Studio 2012\Projects\Vs_Project\Computer_Vision\Computer_Vision_Hw1\Computer_Vision_Hw1\Debug\link.8020-cvtres.write.1.tlog
C:\Users\RL\Documents\Visual Studio 2012\Projects\Vs_Project\Computer_Vision\Computer_Vision_Hw1\Computer_Vision_Hw1\Debug\link.8020-mt.read.1.tlog
C:\Users\RL\Documents\Visual Studio 2012\Projects\Vs_Project\Computer_Vision\Computer_Vision_Hw1\Computer_Vision_Hw1\Debug\link.8020-mt.write.1.tlog
C:\Users\RL\Documents\Visual Studio 2012\Projects\Vs_Project\Computer_Vision\Computer_Vision_Hw1\Computer_Vision_Hw1\Debug\link.8020-rc.read.1.tlog
C:\Users\RL\Documents\Visual Studio 2012\Projects\Vs_Project\Computer_Vision\Computer_Vision_Hw1\Computer_Vision_Hw1\Debug\link.8020-rc.write.1.tlog
C:\Users\RL\Documents\Visual Studio 2012\Projects\Vs_Project\Computer_Vision\Computer_Vision_Hw1\Computer_Vision_Hw1\Debug\link.8020.read.1.tlog
C:\Users\RL\Documents\Visual Studio 2012\Projects\Vs_Project\Computer_Vision\Computer_Vision_Hw1\Computer_Vision_Hw1\Debug\link.8020.write.1.tlog
C:\Users\RL\Documents\Visual Studio 2012\Projects\Vs_Project\Computer_Vision\Computer_Vision_Hw1\Computer_Vision_Hw1\Debug\link.command.1.tlog
C:\Users\RL\Documents\Visual Studio 2012\Projects\Vs_Project\Computer_Vision\Computer_Vision_Hw1\Computer_Vision_Hw1\Debug\link.read.1.tlog
C:\Users\RL\Documents\Visual Studio 2012\Projects\Vs_Project\Computer_Vision\Computer_Vision_Hw1\Computer_Vision_Hw1\Debug\link.write.1.tlog
C:\Users\RL\Documents\Visual Studio 2012\Projects\Vs_Project\Computer_Vision\Computer_Vision_Hw1\Computer_Vision_Hw1\Debug\rc.command.1.tlog
C:\Users\RL\Documents\Visual Studio 2012\Projects\Vs_Project\Computer_Vision\Computer_Vision_Hw1\Computer_Vision_Hw1\Debug\rc.read.1.tlog
C:\Users\RL\Documents\Visual Studio 2012\Projects\Vs_Project\Computer_Vision\Computer_Vision_Hw1\Computer_Vision_Hw1\Debug\rc.write.1.tlog
C:\Users\RL\Documents\Visual Studio 2012\Projects\Vs_Project\Computer_Vision\Computer_Vision_Hw1\Computer_Vision_Hw1\Debug\Computer_Vision_Hw1.res
C:\Users\RL\Documents\Visual Studio 2012\Projects\Vs_Project\Computer_Vision\Computer_Vision_Hw1\Computer_Vision_Hw1\Debug\Computer_Vision_Hw1.pch
C:\Users\RL\Documents\Visual Studio 2012\Projects\Vs_Project\Computer_Vision\Computer_Vision_Hw1\Computer_Vision_Hw1\Debug\vc110.idb
C:\Users\RL\Documents\Visual Studio 2012\Projects\Vs_Project\Computer_Vision\Computer_Vision_Hw1\Computer_Vision_Hw1\Debug\vc110.pdb
C:\Users\RL\Documents\Visual Studio 2012\Projects\Vs_Project\Computer_Vision\Computer_Vision_Hw1\Debug\Computer_Vision_Hw1.pdb
C:\Users\RL\Documents\Visual Studio 2012\Projects\Vs_Project\Computer_Vision\Computer_Vision_Hw1\Debug\Computer_Vision_Hw1.exe
C:\Users\RL\Documents\Visual Studio 2012\Projects\Vs_Project\Computer_Vision\Computer_Vision_Hw1\Debug\Computer_Vision_Hw1.ilk
